This is MetaPost, version 1.504 (kpathsea version 6.0.1)  3 FEB 2013 11:18
**gaussianplot4.mp ^^M
(mpost.mp (/usr/local/texlive/2011/texmf-dist/metapost/base/plain.mp
Preloading the plain mem file, version 1.004)) (./gaussianplot4.mp
(/usr/local/texlive/2011/texmf-dist/metapost/base/graph.mp
(/usr/local/texlive/2011/texmf-dist/metapost/base/marith.mp
(/usr/local/texlive/2011/texmf-dist/metapost/base/string.mp))
(/usr/local/texlive/2011/texmf-dist/metapost/base/format.mp
(/usr/local/texlive/2011/texmf-dist/metapost/base/string.mp)
(/usr/local/texlive/2011/texmf-dist/metapost/base/texnum.mp)))
(/usr/local/texlive/2011/texmf-dist/metapost/base/sarith.mp)
! Redundant equation.
<to be read again> 
                   ;
l.97 sx = 0.2cm;
                
I already knew that this equation was true.
But perhaps no harm has been done; let's continue.

! Redundant equation.
<to be read again> 
                   ;
l.98 sh = 0.2cm;
                
I already knew that this equation was true.
But perhaps no harm has been done; let's continue.

! Redundant equation.
<to be read again> 
                   ;
l.99 ups = 0.35cm;
                  
I already knew that this equation was true.
But perhaps no harm has been done; let's continue.

! Value is too large (-4484.24442).
Glab_->...h(EXPR2);else:save.x,y;z=llcorner.Gcbb_;
                                                  if.unknown.xpart(EXPR2):xp...

Glab_->...nown.ypart(EXPR0):1+fi0);Gupbb_((EXPR0))
                                                  ;addto.Gcur_.also.image((T...

gaussianplot4->...),false,(EXPR3),(EXPR4),(TEXT5))
                                                  ;endgroup
<to be read again> 
                   ;
l.259   otick.lft(btex $0.01$ etex, 0.01);
                                          
The equation I just processed has given some variable
a value of 4096 or more. Continue and I'll try to cope
with that big value; but it might be dangerous.
(Set warningcheck:=0 to suppress this message.)

! Value is too large (-4484.24442).
Glab_->...h(EXPR2);else:save.x,y;z=llcorner.Gcbb_;
                                                  if.unknown.xpart(EXPR2):xp...

Glab_->...nown.ypart(EXPR0):1+fi0);Gupbb_((EXPR0))
                                                  ;addto.Gcur_.also.image((T...

gaussianplot4->...),false,(EXPR3),(EXPR4),(TEXT5))
                                                  ;endgroup
<to be read again> 
                   ;
l.260   otick.lft(btex $10^{-3}$ etex, 0.001);
                                              
The equation I just processed has given some variable
a value of 4096 or more. Continue and I'll try to cope
with that big value; but it might be dangerous.
(Set warningcheck:=0 to suppress this message.)

! Value is too large (-4484.24442).
Glab_->...h(EXPR2);else:save.x,y;z=llcorner.Gcbb_;
                                                  if.unknown.xpart(EXPR2):xp...

Glab_->...nown.ypart(EXPR0):1+fi0);Gupbb_((EXPR0))
                                                  ;addto.Gcur_.also.image((T...

gaussianplot4->...),false,(EXPR3),(EXPR4),(TEXT5))
                                                  ;endgroup
<to be read again> 
                   ;
l.261   otick.lft(btex $10^{-4}$ etex, 0.0001);
                                               
The equation I just processed has given some variable
a value of 4096 or more. Continue and I'll try to cope
with that big value; but it might be dangerous.
(Set warningcheck:=0 to suppress this message.)

! Value is too large (-4484.24442).
Glab_->...h(EXPR2);else:save.x,y;z=llcorner.Gcbb_;
                                                  if.unknown.xpart(EXPR2):xp...

Glab_->...nown.ypart(EXPR0):1+fi0);Gupbb_((EXPR0))
                                                  ;addto.Gcur_.also.image((T...

gaussianplot4->...),false,(EXPR3),(EXPR4),(TEXT5))
                                                  ;endgroup
<to be read again> 
                   ;
l.262   otick.lft(btex $10^{-5}$ etex, "1e-5");
                                               
The equation I just processed has given some variable
a value of 4096 or more. Continue and I'll try to cope
with that big value; but it might be dangerous.
(Set warningcheck:=0 to suppress this message.)

! Value is too large (-4484.24442).
Glab_->...h(EXPR2);else:save.x,y;z=llcorner.Gcbb_;
                                                  if.unknown.xpart(EXPR2):xp...

Glab_->...nown.ypart(EXPR0):1+fi0);Gupbb_((EXPR0))
                                                  ;addto.Gcur_.also.image((T...

gaussianplot4->...),false,(EXPR3),(EXPR4),(TEXT5))
                                                  ;endgroup
<to be read again> 
                   ;
l.263   otick.lft(btex $10^{-6}$ etex, "1e-6");
                                               
The equation I just processed has given some variable
a value of 4096 or more. Continue and I'll try to cope
with that big value; but it might be dangerous.
(Set warningcheck:=0 to suppress this message.)

! Value is too large (-4484.24442).
Glab_->...h(EXPR2);else:save.x,y;z=llcorner.Gcbb_;
                                                  if.unknown.xpart(EXPR2):xp...

Glab_->...nown.ypart(EXPR0):1+fi0);Gupbb_((EXPR0))
                                                  ;addto.Gcur_.also.image((T...

gaussianplot4->...),false,(EXPR3),(EXPR4),(TEXT5))
                                                  ;endgroup
<to be read again> 
                   ;
l.264   otick.lft(btex $10^{-7}$ etex, "1e-7");
                                               
The equation I just processed has given some variable
a value of 4096 or more. Continue and I'll try to cope
with that big value; but it might be dangerous.
(Set warningcheck:=0 to suppress this message.)

! Value is too large (-4484.24442).
Glab_->...h(EXPR2);else:save.x,y;z=llcorner.Gcbb_;
                                                  if.unknown.xpart(EXPR2):xp...

Glab_->...nown.ypart(EXPR0):1+fi0);Gupbb_((EXPR0))
                                                  ;addto.Gcur_.also.image((T...

gaussianplot4->...),false,(EXPR3),(EXPR4),(TEXT5))
                                                  ;endgroup
<to be read again> 
                   ;
<for("5e-3")> otick.bot(Autoform,(EXPR0));
                                           ENDFOR
gaussianplot4->...FFIX2)(Autoform,x)(TEXT4);endfor
                                                  .fi.if.str(SUFFIX3)<>"":fo...
<to be read again> 
                   ;
l.265   autogrid(otick.bot,);
                             
The equation I just processed has given some variable
a value of 4096 or more. Continue and I'll try to cope
with that big value; but it might be dangerous.
(Set warningcheck:=0 to suppress this message.)

! Value is too large (-4484.24442).
Glab_->...h(EXPR2);else:save.x,y;z=llcorner.Gcbb_;
                                                  if.unknown.xpart(EXPR2):xp...

Glab_->...nown.ypart(EXPR0):1+fi0);Gupbb_((EXPR0))
                                                  ;addto.Gcur_.also.image((T...

gaussianplot4->...),false,(EXPR3),(EXPR4),(TEXT5))
                                                  ;endgroup
<to be read again> 
                   ;
<for("1e-2")> otick.bot(Autoform,(EXPR0));
                                           ENDFOR
gaussianplot4->...FFIX2)(Autoform,x)(TEXT4);endfor
                                                  .fi.if.str(SUFFIX3)<>"":fo...
<to be read again> 
                   ;
l.265   autogrid(otick.bot,);
                             
The equation I just processed has given some variable
a value of 4096 or more. Continue and I'll try to cope
with that big value; but it might be dangerous.
(Set warningcheck:=0 to suppress this message.)

! Value is too large (-4484.24442).
Glab_->...h(EXPR2);else:save.x,y;z=llcorner.Gcbb_;
                                                  if.unknown.xpart(EXPR2):xp...

Glab_->...nown.ypart(EXPR0):1+fi0);Gupbb_((EXPR0))
                                                  ;addto.Gcur_.also.image((T...

gaussianplot4->...),false,(EXPR3),(EXPR4),(TEXT5))
                                                  ;endgroup
<to be read again> 
                   ;
<for("2e-2")> otick.bot(Autoform,(EXPR0));
                                           ENDFOR
gaussianplot4->...FFIX2)(Autoform,x)(TEXT4);endfor
                                                  .fi.if.str(SUFFIX3)<>"":fo...
<to be read again> 
                   ;
l.265   autogrid(otick.bot,);
                             
The equation I just processed has given some variable
a value of 4096 or more. Continue and I'll try to cope
with that big value; but it might be dangerous.
(Set warningcheck:=0 to suppress this message.)

! Value is too large (-4484.24442).
Glab_->...h(EXPR2);else:save.x,y;z=llcorner.Gcbb_;
                                                  if.unknown.xpart(EXPR2):xp...

Glab_->...nown.ypart(EXPR0):1+fi0);Gupbb_((EXPR0))
                                                  ;addto.Gcur_.also.image((T...

gaussianplot4->...),false,(EXPR3),(EXPR4),(TEXT5))
                                                  ;endgroup
<to be read again> 
                   ;
<for("5e-2")> otick.bot(Autoform,(EXPR0));
                                           ENDFOR
gaussianplot4->...FFIX2)(Autoform,x)(TEXT4);endfor
                                                  .fi.if.str(SUFFIX3)<>"":fo...
<to be read again> 
                   ;
l.265   autogrid(otick.bot,);
                             
The equation I just processed has given some variable
a value of 4096 or more. Continue and I'll try to cope
with that big value; but it might be dangerous.
(Set warningcheck:=0 to suppress this message.)

! Value is too large (-4484.24442).
Glab_->...h(EXPR2);else:save.x,y;z=llcorner.Gcbb_;
                                                  if.unknown.xpart(EXPR2):xp...

Glab_->...nown.ypart(EXPR0):1+fi0);Gupbb_((EXPR0))
                                                  ;addto.Gcur_.also.image((T...

gaussianplot4->...),false,(EXPR3),(EXPR4),(TEXT5))
                                                  ;endgroup
<to be read again> 
                   ;
<for(0.1)> otick.bot(Autoform,(EXPR0));
                                        ENDFOR
gaussianplot4->...FFIX2)(Autoform,x)(TEXT4);endfor
                                                  .fi.if.str(SUFFIX3)<>"":fo...
<to be read again> 
                   ;
l.265   autogrid(otick.bot,);
                             
The equation I just processed has given some variable
a value of 4096 or more. Continue and I'll try to cope
with that big value; but it might be dangerous.
(Set warningcheck:=0 to suppress this message.)

! Value is too large (-4484.24442).
Glab_->...h(EXPR2);else:save.x,y;z=llcorner.Gcbb_;
                                                  if.unknown.xpart(EXPR2):xp...

Glab_->...nown.ypart(EXPR0):1+fi0);Gupbb_((EXPR0))
                                                  ;addto.Gcur_.also.image((T...

gaussianplot4->...),false,(EXPR3),(EXPR4),(TEXT5))
                                                  ;endgroup
<to be read again> 
                   ;
<for(0.2)> otick.bot(Autoform,(EXPR0));
                                        ENDFOR
gaussianplot4->...FFIX2)(Autoform,x)(TEXT4);endfor
                                                  .fi.if.str(SUFFIX3)<>"":fo...
<to be read again> 
                   ;
l.265   autogrid(otick.bot,);
                             
The equation I just processed has given some variable
a value of 4096 or more. Continue and I'll try to cope
with that big value; but it might be dangerous.
(Set warningcheck:=0 to suppress this message.)

! Value is too large (-4484.24442).
Glab_->...h(EXPR2);else:save.x,y;z=llcorner.Gcbb_;
                                                  if.unknown.xpart(EXPR2):xp...

Glab_->...nown.ypart(EXPR0):1+fi0);Gupbb_((EXPR0))
                                                  ;addto.Gcur_.also.image((T...

gaussianplot4->...),false,(EXPR3),(EXPR4),(TEXT5))
                                                  ;endgroup
<to be read again> 
                   ;
<for(0.5)> otick.bot(Autoform,(EXPR0));
                                        ENDFOR
gaussianplot4->...FFIX2)(Autoform,x)(TEXT4);endfor
                                                  .fi.if.str(SUFFIX3)<>"":fo...
<to be read again> 
                   ;
l.265   autogrid(otick.bot,);
                             
The equation I just processed has given some variable
a value of 4096 or more. Continue and I'll try to cope
with that big value; but it might be dangerous.
(Set warningcheck:=0 to suppress this message.)

! Value is too large (-4484.24442).
Glab_->...h(EXPR2);else:save.x,y;z=llcorner.Gcbb_;
                                                  if.unknown.xpart(EXPR2):xp...

Glab_->...nown.ypart(EXPR0):1+fi0);Gupbb_((EXPR0))
                                                  ;addto.Gcur_.also.image((T...

gaussianplot4->...),false,(EXPR3),(EXPR4),(TEXT5))
                                                  ;endgroup
<to be read again> 
                   ;
<for(1)> otick.bot(Autoform,(EXPR0));
                                      ENDFOR
gaussianplot4->...FFIX2)(Autoform,x)(TEXT4);endfor
                                                  .fi.if.str(SUFFIX3)<>"":fo...
<to be read again> 
                   ;
l.265   autogrid(otick.bot,);
                             
The equation I just processed has given some variable
a value of 4096 or more. Continue and I'll try to cope
with that big value; but it might be dangerous.
(Set warningcheck:=0 to suppress this message.)

! Value is too large (-4484.24442).
Glab_->...h(EXPR2);else:save.x,y;z=llcorner.Gcbb_;
                                                  if.unknown.xpart(EXPR2):xp...

Glab_->...nown.ypart(EXPR0):1+fi0);Gupbb_((EXPR0))
                                                  ;addto.Gcur_.also.image((T...

gaussianplot4->...),false,(EXPR3),(EXPR4),(TEXT5))
                                                  ;endgroup
<to be read again> 
                   ;
<for(2)> otick.bot(Autoform,(EXPR0));
                                      ENDFOR
gaussianplot4->...FFIX2)(Autoform,x)(TEXT4);endfor
                                                  .fi.if.str(SUFFIX3)<>"":fo...
<to be read again> 
                   ;
l.265   autogrid(otick.bot,);
                             
The equation I just processed has given some variable
a value of 4096 or more. Continue and I'll try to cope
with that big value; but it might be dangerous.
(Set warningcheck:=0 to suppress this message.)

! Value is too large (-4484.24442).
Glab_->...h(EXPR2);else:save.x,y;z=llcorner.Gcbb_;
                                                  if.unknown.xpart(EXPR2):xp...

Glab_->...nown.ypart(EXPR0):1+fi0);Gupbb_((EXPR0))
                                                  ;addto.Gcur_.also.image((T...

endgraph->...(whatever,whatever),,draw.p_.shifted)
                                                  ;endgroup
<to be read again> 
                   ;
endgraph->....bot,otick.lft);fi.if.Gneedfr_:frame;
                                                  fi.setcoords(linear,linear...
l.269 endgraph
               shifted(plotwidth + 1.5cm, 0);
The equation I just processed has given some variable
a value of 4096 or more. Continue and I'll try to cope
with that big value; but it might be dangerous.
(Set warningcheck:=0 to suppress this message.)

! Value is too large (-6765.2651).
Glab_->...h(EXPR2);else:save.x,y;z=llcorner.Gcbb_;
                                                  if.unknown.xpart(EXPR2):xp...

Glab_->...nown.ypart(EXPR0):1+fi0);Gupbb_((EXPR0))
                                                  ;addto.Gcur_.also.image((T...

gaussianplot4->...),false,(EXPR3),(EXPR4),(TEXT5))
                                                  ;endgroup
<to be read again> 
                   ;
l.322   otick.lft(btex $0.01$ etex, 0.01);
                                          
The equation I just processed has given some variable
a value of 4096 or more. Continue and I'll try to cope
with that big value; but it might be dangerous.
(Set warningcheck:=0 to suppress this message.)

! Value is too large (-6765.2651).
Glab_->...h(EXPR2);else:save.x,y;z=llcorner.Gcbb_;
                                                  if.unknown.xpart(EXPR2):xp...

Glab_->...nown.ypart(EXPR0):1+fi0);Gupbb_((EXPR0))
                                                  ;addto.Gcur_.also.image((T...

gaussianplot4->...),false,(EXPR3),(EXPR4),(TEXT5))
                                                  ;endgroup
<to be read again> 
                   ;
l.323   otick.lft(btex $10^{-3}$ etex, 0.001);
                                              
The equation I just processed has given some variable
a value of 4096 or more. Continue and I'll try to cope
with that big value; but it might be dangerous.
(Set warningcheck:=0 to suppress this message.)

! Value is too large (-6765.2651).
Glab_->...h(EXPR2);else:save.x,y;z=llcorner.Gcbb_;
                                                  if.unknown.xpart(EXPR2):xp...

Glab_->...nown.ypart(EXPR0):1+fi0);Gupbb_((EXPR0))
                                                  ;addto.Gcur_.also.image((T...

gaussianplot4->...),false,(EXPR3),(EXPR4),(TEXT5))
                                                  ;endgroup
<to be read again> 
                   ;
l.324   otick.lft(btex $10^{-4}$ etex, 0.0001);
                                               
The equation I just processed has given some variable
a value of 4096 or more. Continue and I'll try to cope
with that big value; but it might be dangerous.
(Set warningcheck:=0 to suppress this message.)

! Value is too large (-6765.2651).
Glab_->...h(EXPR2);else:save.x,y;z=llcorner.Gcbb_;
                                                  if.unknown.xpart(EXPR2):xp...

Glab_->...nown.ypart(EXPR0):1+fi0);Gupbb_((EXPR0))
                                                  ;addto.Gcur_.also.image((T...

gaussianplot4->...),false,(EXPR3),(EXPR4),(TEXT5))
                                                  ;endgroup
<to be read again> 
                   ;
l.325   otick.lft(btex $10^{-5}$ etex, "1e-5");
                                               
The equation I just processed has given some variable
a value of 4096 or more. Continue and I'll try to cope
with that big value; but it might be dangerous.
(Set warningcheck:=0 to suppress this message.)

! Value is too large (-6765.2651).
Glab_->...h(EXPR2);else:save.x,y;z=llcorner.Gcbb_;
                                                  if.unknown.xpart(EXPR2):xp...

Glab_->...nown.ypart(EXPR0):1+fi0);Gupbb_((EXPR0))
                                                  ;addto.Gcur_.also.image((T...

gaussianplot4->...),false,(EXPR3),(EXPR4),(TEXT5))
                                                  ;endgroup
<to be read again> 
                   ;
l.326   otick.lft(btex $10^{-6}$ etex, "1e-6");
                                               
The equation I just processed has given some variable
a value of 4096 or more. Continue and I'll try to cope
with that big value; but it might be dangerous.
(Set warningcheck:=0 to suppress this message.)

! Value is too large (-6765.2651).
Glab_->...h(EXPR2);else:save.x,y;z=llcorner.Gcbb_;
                                                  if.unknown.xpart(EXPR2):xp...

Glab_->...nown.ypart(EXPR0):1+fi0);Gupbb_((EXPR0))
                                                  ;addto.Gcur_.also.image((T...

gaussianplot4->...),false,(EXPR3),(EXPR4),(TEXT5))
                                                  ;endgroup
<to be read again> 
                   ;
l.327   otick.lft(btex $10^{-7}$ etex, "1e-7");
                                               
The equation I just processed has given some variable
a value of 4096 or more. Continue and I'll try to cope
with that big value; but it might be dangerous.
(Set warningcheck:=0 to suppress this message.)

! Value is too large (-6765.2651).
Glab_->...h(EXPR2);else:save.x,y;z=llcorner.Gcbb_;
                                                  if.unknown.xpart(EXPR2):xp...

Glab_->...nown.ypart(EXPR0):1+fi0);Gupbb_((EXPR0))
                                                  ;addto.Gcur_.also.image((T...

gaussianplot4->...),false,(EXPR3),(EXPR4),(TEXT5))
                                                  ;endgroup
<to be read again> 
                   ;
l.328   otick.lft(btex $10^{-8}$ etex, "1e-8");
                                               
The equation I just processed has given some variable
a value of 4096 or more. Continue and I'll try to cope
with that big value; but it might be dangerous.
(Set warningcheck:=0 to suppress this message.)

! Value is too large (-6765.2651).
Glab_->...h(EXPR2);else:save.x,y;z=llcorner.Gcbb_;
                                                  if.unknown.xpart(EXPR2):xp...

Glab_->...nown.ypart(EXPR0):1+fi0);Gupbb_((EXPR0))
                                                  ;addto.Gcur_.also.image((T...

gaussianplot4->...),false,(EXPR3),(EXPR4),(TEXT5))
                                                  ;endgroup
<to be read again> 
                   ;
l.329   otick.lft(btex $10^{-9}$ etex, "1e-9");
                                               
The equation I just processed has given some variable
a value of 4096 or more. Continue and I'll try to cope
with that big value; but it might be dangerous.
(Set warningcheck:=0 to suppress this message.)

! Value is too large (-6765.2651).
Glab_->...h(EXPR2);else:save.x,y;z=llcorner.Gcbb_;
                                                  if.unknown.xpart(EXPR2):xp...

Glab_->...nown.ypart(EXPR0):1+fi0);Gupbb_((EXPR0))
                                                  ;addto.Gcur_.also.image((T...

gaussianplot4->...),false,(EXPR3),(EXPR4),(TEXT5))
                                                  ;endgroup
<to be read again> 
                   ;
l.330   otick.lft(btex $10^{-10}$ etex, "1e-10");
                                                 
The equation I just processed has given some variable
a value of 4096 or more. Continue and I'll try to cope
with that big value; but it might be dangerous.
(Set warningcheck:=0 to suppress this message.)

! Value is too large (-6765.2651).
Glab_->...h(EXPR2);else:save.x,y;z=llcorner.Gcbb_;
                                                  if.unknown.xpart(EXPR2):xp...

Glab_->...nown.ypart(EXPR0):1+fi0);Gupbb_((EXPR0))
                                                  ;addto.Gcur_.also.image((T...

gaussianplot4->...),false,(EXPR3),(EXPR4),(TEXT5))
                                                  ;endgroup
<to be read again> 
                   ;
l.331   otick.lft(btex $10^{-11}$ etex, "1e-11");
                                                 
The equation I just processed has given some variable
a value of 4096 or more. Continue and I'll try to cope
with that big value; but it might be dangerous.
(Set warningcheck:=0 to suppress this message.)

! Value is too large (-6765.2651).
Glab_->...h(EXPR2);else:save.x,y;z=llcorner.Gcbb_;
                                                  if.unknown.xpart(EXPR2):xp...

Glab_->...nown.ypart(EXPR0):1+fi0);Gupbb_((EXPR0))
                                                  ;addto.Gcur_.also.image((T...

gaussianplot4->...),false,(EXPR3),(EXPR4),(TEXT5))
                                                  ;endgroup
<to be read again> 
                   ;
<for("5e-3")> otick.bot(Autoform,(EXPR0));
                                           ENDFOR
gaussianplot4->...FFIX2)(Autoform,x)(TEXT4);endfor
                                                  .fi.if.str(SUFFIX3)<>"":fo...
<to be read again> 
                   ;
l.332   autogrid(otick.bot,);
                             
The equation I just processed has given some variable
a value of 4096 or more. Continue and I'll try to cope
with that big value; but it might be dangerous.
(Set warningcheck:=0 to suppress this message.)

! Value is too large (-6765.2651).
Glab_->...h(EXPR2);else:save.x,y;z=llcorner.Gcbb_;
                                                  if.unknown.xpart(EXPR2):xp...

Glab_->...nown.ypart(EXPR0):1+fi0);Gupbb_((EXPR0))
                                                  ;addto.Gcur_.also.image((T...

gaussianplot4->...),false,(EXPR3),(EXPR4),(TEXT5))
                                                  ;endgroup
<to be read again> 
                   ;
<for("1e-2")> otick.bot(Autoform,(EXPR0));
                                           ENDFOR
gaussianplot4->...FFIX2)(Autoform,x)(TEXT4);endfor
                                                  .fi.if.str(SUFFIX3)<>"":fo...
<to be read again> 
                   ;
l.332   autogrid(otick.bot,);
                             
The equation I just processed has given some variable
a value of 4096 or more. Continue and I'll try to cope
with that big value; but it might be dangerous.
(Set warningcheck:=0 to suppress this message.)

! Value is too large (-6765.2651).
Glab_->...h(EXPR2);else:save.x,y;z=llcorner.Gcbb_;
                                                  if.unknown.xpart(EXPR2):xp...

Glab_->...nown.ypart(EXPR0):1+fi0);Gupbb_((EXPR0))
                                                  ;addto.Gcur_.also.image((T...

gaussianplot4->...),false,(EXPR3),(EXPR4),(TEXT5))
                                                  ;endgroup
<to be read again> 
                   ;
<for("2e-2")> otick.bot(Autoform,(EXPR0));
                                           ENDFOR
gaussianplot4->...FFIX2)(Autoform,x)(TEXT4);endfor
                                                  .fi.if.str(SUFFIX3)<>"":fo...
<to be read again> 
                   ;
l.332   autogrid(otick.bot,);
                             
The equation I just processed has given some variable
a value of 4096 or more. Continue and I'll try to cope
with that big value; but it might be dangerous.
(Set warningcheck:=0 to suppress this message.)

! Value is too large (-6765.2651).
Glab_->...h(EXPR2);else:save.x,y;z=llcorner.Gcbb_;
                                                  if.unknown.xpart(EXPR2):xp...

Glab_->...nown.ypart(EXPR0):1+fi0);Gupbb_((EXPR0))
                                                  ;addto.Gcur_.also.image((T...

gaussianplot4->...),false,(EXPR3),(EXPR4),(TEXT5))
                                                  ;endgroup
<to be read again> 
                   ;
<for("5e-2")> otick.bot(Autoform,(EXPR0));
                                           ENDFOR
gaussianplot4->...FFIX2)(Autoform,x)(TEXT4);endfor
                                                  .fi.if.str(SUFFIX3)<>"":fo...
<to be read again> 
                   ;
l.332   autogrid(otick.bot,);
                             
The equation I just processed has given some variable
a value of 4096 or more. Continue and I'll try to cope
with that big value; but it might be dangerous.
(Set warningcheck:=0 to suppress this message.)

! Value is too large (-6765.2651).
Glab_->...h(EXPR2);else:save.x,y;z=llcorner.Gcbb_;
                                                  if.unknown.xpart(EXPR2):xp...

Glab_->...nown.ypart(EXPR0):1+fi0);Gupbb_((EXPR0))
                                                  ;addto.Gcur_.also.image((T...

gaussianplot4->...),false,(EXPR3),(EXPR4),(TEXT5))
                                                  ;endgroup
<to be read again> 
                   ;
<for(0.1)> otick.bot(Autoform,(EXPR0));
                                        ENDFOR
gaussianplot4->...FFIX2)(Autoform,x)(TEXT4);endfor
                                                  .fi.if.str(SUFFIX3)<>"":fo...
<to be read again> 
                   ;
l.332   autogrid(otick.bot,);
                             
The equation I just processed has given some variable
a value of 4096 or more. Continue and I'll try to cope
with that big value; but it might be dangerous.
(Set warningcheck:=0 to suppress this message.)

! Value is too large (-6765.2651).
Glab_->...h(EXPR2);else:save.x,y;z=llcorner.Gcbb_;
                                                  if.unknown.xpart(EXPR2):xp...

Glab_->...nown.ypart(EXPR0):1+fi0);Gupbb_((EXPR0))
                                                  ;addto.Gcur_.also.image((T...

gaussianplot4->...),false,(EXPR3),(EXPR4),(TEXT5))
                                                  ;endgroup
<to be read again> 
                   ;
<for(0.2)> otick.bot(Autoform,(EXPR0));
                                        ENDFOR
gaussianplot4->...FFIX2)(Autoform,x)(TEXT4);endfor
                                                  .fi.if.str(SUFFIX3)<>"":fo...
<to be read again> 
                   ;
l.332   autogrid(otick.bot,);
                             
The equation I just processed has given some variable
a value of 4096 or more. Continue and I'll try to cope
with that big value; but it might be dangerous.
(Set warningcheck:=0 to suppress this message.)

! Value is too large (-6765.2651).
Glab_->...h(EXPR2);else:save.x,y;z=llcorner.Gcbb_;
                                                  if.unknown.xpart(EXPR2):xp...

Glab_->...nown.ypart(EXPR0):1+fi0);Gupbb_((EXPR0))
                                                  ;addto.Gcur_.also.image((T...

gaussianplot4->...),false,(EXPR3),(EXPR4),(TEXT5))
                                                  ;endgroup
<to be read again> 
                   ;
<for(0.5)> otick.bot(Autoform,(EXPR0));
                                        ENDFOR
gaussianplot4->...FFIX2)(Autoform,x)(TEXT4);endfor
                                                  .fi.if.str(SUFFIX3)<>"":fo...
<to be read again> 
                   ;
l.332   autogrid(otick.bot,);
                             
The equation I just processed has given some variable
a value of 4096 or more. Continue and I'll try to cope
with that big value; but it might be dangerous.
(Set warningcheck:=0 to suppress this message.)

! Value is too large (-6765.2651).
Glab_->...h(EXPR2);else:save.x,y;z=llcorner.Gcbb_;
                                                  if.unknown.xpart(EXPR2):xp...

Glab_->...nown.ypart(EXPR0):1+fi0);Gupbb_((EXPR0))
                                                  ;addto.Gcur_.also.image((T...

gaussianplot4->...),false,(EXPR3),(EXPR4),(TEXT5))
                                                  ;endgroup
<to be read again> 
                   ;
<for(1)> otick.bot(Autoform,(EXPR0));
                                      ENDFOR
gaussianplot4->...FFIX2)(Autoform,x)(TEXT4);endfor
                                                  .fi.if.str(SUFFIX3)<>"":fo...
<to be read again> 
                   ;
l.332   autogrid(otick.bot,);
                             
The equation I just processed has given some variable
a value of 4096 or more. Continue and I'll try to cope
with that big value; but it might be dangerous.
(Set warningcheck:=0 to suppress this message.)

! Value is too large (-6765.2651).
Glab_->...h(EXPR2);else:save.x,y;z=llcorner.Gcbb_;
                                                  if.unknown.xpart(EXPR2):xp...

Glab_->...nown.ypart(EXPR0):1+fi0);Gupbb_((EXPR0))
                                                  ;addto.Gcur_.also.image((T...

gaussianplot4->...),false,(EXPR3),(EXPR4),(TEXT5))
                                                  ;endgroup
<to be read again> 
                   ;
<for(2)> otick.bot(Autoform,(EXPR0));
                                      ENDFOR
gaussianplot4->...FFIX2)(Autoform,x)(TEXT4);endfor
                                                  .fi.if.str(SUFFIX3)<>"":fo...
<to be read again> 
                   ;
l.332   autogrid(otick.bot,);
                             
The equation I just processed has given some variable
a value of 4096 or more. Continue and I'll try to cope
with that big value; but it might be dangerous.
(Set warningcheck:=0 to suppress this message.)

! Value is too large (-6765.2651).
Glab_->...h(EXPR2);else:save.x,y;z=llcorner.Gcbb_;
                                                  if.unknown.xpart(EXPR2):xp...

Glab_->...nown.ypart(EXPR0):1+fi0);Gupbb_((EXPR0))
                                                  ;addto.Gcur_.also.image((T...

endgraph->...(whatever,whatever),,draw.p_.shifted)
                                                  ;endgroup
<to be read again> 
                   ;
endgraph->....bot,otick.lft);fi.if.Gneedfr_:frame;
                                                  fi.setcoords(linear,linear...
l.336 endgraph
               shifted(0, -plotheight-1.2cm);
The equation I just processed has given some variable
a value of 4096 or more. Continue and I'll try to cope
with that big value; but it might be dangerous.
(Set warningcheck:=0 to suppress this message.)

! Value is too large (-9694.79428).
Glab_->...h(EXPR2);else:save.x,y;z=llcorner.Gcbb_;
                                                  if.unknown.xpart(EXPR2):xp...

Glab_->...nown.ypart(EXPR0):1+fi0);Gupbb_((EXPR0))
                                                  ;addto.Gcur_.also.image((T...

gaussianplot4->...),false,(EXPR3),(EXPR4),(TEXT5))
                                                  ;endgroup
<to be read again> 
                   ;
l.390   otick.lft(btex $0.01$ etex, 0.01);
                                          
The equation I just processed has given some variable
a value of 4096 or more. Continue and I'll try to cope
with that big value; but it might be dangerous.
(Set warningcheck:=0 to suppress this message.)

! Value is too large (-9694.79428).
Glab_->...h(EXPR2);else:save.x,y;z=llcorner.Gcbb_;
                                                  if.unknown.xpart(EXPR2):xp...

Glab_->...nown.ypart(EXPR0):1+fi0);Gupbb_((EXPR0))
                                                  ;addto.Gcur_.also.image((T...

gaussianplot4->...),false,(EXPR3),(EXPR4),(TEXT5))
                                                  ;endgroup
<to be read again> 
                   ;
l.391   otick.lft(btex $10^{-4}$ etex, 0.0001);
                                               
The equation I just processed has given some variable
a value of 4096 or more. Continue and I'll try to cope
with that big value; but it might be dangerous.
(Set warningcheck:=0 to suppress this message.)

! Value is too large (-9694.79428).
Glab_->...h(EXPR2);else:save.x,y;z=llcorner.Gcbb_;
                                                  if.unknown.xpart(EXPR2):xp...

Glab_->...nown.ypart(EXPR0):1+fi0);Gupbb_((EXPR0))
                                                  ;addto.Gcur_.also.image((T...

gaussianplot4->...),false,(EXPR3),(EXPR4),(TEXT5))
                                                  ;endgroup
<to be read again> 
                   ;
l.392   otick.lft(btex $10^{-6}$ etex, "1e-6");
                                               
The equation I just processed has given some variable
a value of 4096 or more. Continue and I'll try to cope
with that big value; but it might be dangerous.
(Set warningcheck:=0 to suppress this message.)

! Value is too large (-9694.79428).
Glab_->...h(EXPR2);else:save.x,y;z=llcorner.Gcbb_;
                                                  if.unknown.xpart(EXPR2):xp...

Glab_->...nown.ypart(EXPR0):1+fi0);Gupbb_((EXPR0))
                                                  ;addto.Gcur_.also.image((T...

gaussianplot4->...),false,(EXPR3),(EXPR4),(TEXT5))
                                                  ;endgroup
<to be read again> 
                   ;
l.393   otick.lft(btex $10^{-8}$ etex, "1e-8");
                                               
The equation I just processed has given some variable
a value of 4096 or more. Continue and I'll try to cope
with that big value; but it might be dangerous.
(Set warningcheck:=0 to suppress this message.)

! Value is too large (-9694.79428).
Glab_->...h(EXPR2);else:save.x,y;z=llcorner.Gcbb_;
                                                  if.unknown.xpart(EXPR2):xp...

Glab_->...nown.ypart(EXPR0):1+fi0);Gupbb_((EXPR0))
                                                  ;addto.Gcur_.also.image((T...

gaussianplot4->...),false,(EXPR3),(EXPR4),(TEXT5))
                                                  ;endgroup
<to be read again> 
                   ;
l.394   otick.lft(btex $10^{-10}$ etex, "1e-10");
                                                 
The equation I just processed has given some variable
a value of 4096 or more. Continue and I'll try to cope
with that big value; but it might be dangerous.
(Set warningcheck:=0 to suppress this message.)

! Value is too large (-9694.79428).
Glab_->...h(EXPR2);else:save.x,y;z=llcorner.Gcbb_;
                                                  if.unknown.xpart(EXPR2):xp...

Glab_->...nown.ypart(EXPR0):1+fi0);Gupbb_((EXPR0))
                                                  ;addto.Gcur_.also.image((T...

gaussianplot4->...),false,(EXPR3),(EXPR4),(TEXT5))
                                                  ;endgroup
<to be read again> 
                   ;
l.395   otick.lft(btex $10^{-12}$ etex, "1e-12");
                                                 
The equation I just processed has given some variable
a value of 4096 or more. Continue and I'll try to cope
with that big value; but it might be dangerous.
(Set warningcheck:=0 to suppress this message.)

! Value is too large (-9694.79428).
Glab_->...h(EXPR2);else:save.x,y;z=llcorner.Gcbb_;
                                                  if.unknown.xpart(EXPR2):xp...

Glab_->...nown.ypart(EXPR0):1+fi0);Gupbb_((EXPR0))
                                                  ;addto.Gcur_.also.image((T...

gaussianplot4->...),false,(EXPR3),(EXPR4),(TEXT5))
                                                  ;endgroup
<to be read again> 
                   ;
l.396   otick.lft(btex $10^{-14}$ etex, "1e-14");
                                                 
The equation I just processed has given some variable
a value of 4096 or more. Continue and I'll try to cope
with that big value; but it might be dangerous.
(Set warningcheck:=0 to suppress this message.)

! Value is too large (-9694.79428).
Glab_->...h(EXPR2);else:save.x,y;z=llcorner.Gcbb_;
                                                  if.unknown.xpart(EXPR2):xp...

Glab_->...nown.ypart(EXPR0):1+fi0);Gupbb_((EXPR0))
                                                  ;addto.Gcur_.also.image((T...

gaussianplot4->...),false,(EXPR3),(EXPR4),(TEXT5))
                                                  ;endgroup
<to be read again> 
                   ;
l.397   otick.lft(btex $10^{-16}$ etex, "1e-16");
                                                 
The equation I just processed has given some variable
a value of 4096 or more. Continue and I'll try to cope
with that big value; but it might be dangerous.
(Set warningcheck:=0 to suppress this message.)

! Value is too large (-9694.79428).
Glab_->...h(EXPR2);else:save.x,y;z=llcorner.Gcbb_;
                                                  if.unknown.xpart(EXPR2):xp...

Glab_->...nown.ypart(EXPR0):1+fi0);Gupbb_((EXPR0))
                                                  ;addto.Gcur_.also.image((T...

gaussianplot4->...),false,(EXPR3),(EXPR4),(TEXT5))
                                                  ;endgroup
<to be read again> 
                   ;
<for("5e-3")> otick.bot(Autoform,(EXPR0));
                                           ENDFOR
gaussianplot4->...FFIX2)(Autoform,x)(TEXT4);endfor
                                                  .fi.if.str(SUFFIX3)<>"":fo...
<to be read again> 
                   ;
l.398   autogrid(otick.bot,);
                             
The equation I just processed has given some variable
a value of 4096 or more. Continue and I'll try to cope
with that big value; but it might be dangerous.
(Set warningcheck:=0 to suppress this message.)

! Value is too large (-9694.79428).
Glab_->...h(EXPR2);else:save.x,y;z=llcorner.Gcbb_;
                                                  if.unknown.xpart(EXPR2):xp...

Glab_->...nown.ypart(EXPR0):1+fi0);Gupbb_((EXPR0))
                                                  ;addto.Gcur_.also.image((T...

gaussianplot4->...),false,(EXPR3),(EXPR4),(TEXT5))
                                                  ;endgroup
<to be read again> 
                   ;
<for("1e-2")> otick.bot(Autoform,(EXPR0));
                                           ENDFOR
gaussianplot4->...FFIX2)(Autoform,x)(TEXT4);endfor
                                                  .fi.if.str(SUFFIX3)<>"":fo...
<to be read again> 
                   ;
l.398   autogrid(otick.bot,);
                             
The equation I just processed has given some variable
a value of 4096 or more. Continue and I'll try to cope
with that big value; but it might be dangerous.
(Set warningcheck:=0 to suppress this message.)

! Value is too large (-9694.79428).
Glab_->...h(EXPR2);else:save.x,y;z=llcorner.Gcbb_;
                                                  if.unknown.xpart(EXPR2):xp...

Glab_->...nown.ypart(EXPR0):1+fi0);Gupbb_((EXPR0))
                                                  ;addto.Gcur_.also.image((T...

gaussianplot4->...),false,(EXPR3),(EXPR4),(TEXT5))
                                                  ;endgroup
<to be read again> 
                   ;
<for("2e-2")> otick.bot(Autoform,(EXPR0));
                                           ENDFOR
gaussianplot4->...FFIX2)(Autoform,x)(TEXT4);endfor
                                                  .fi.if.str(SUFFIX3)<>"":fo...
<to be read again> 
                   ;
l.398   autogrid(otick.bot,);
                             
The equation I just processed has given some variable
a value of 4096 or more. Continue and I'll try to cope
with that big value; but it might be dangerous.
(Set warningcheck:=0 to suppress this message.)

! Value is too large (-9694.79428).
Glab_->...h(EXPR2);else:save.x,y;z=llcorner.Gcbb_;
                                                  if.unknown.xpart(EXPR2):xp...

Glab_->...nown.ypart(EXPR0):1+fi0);Gupbb_((EXPR0))
                                                  ;addto.Gcur_.also.image((T...

gaussianplot4->...),false,(EXPR3),(EXPR4),(TEXT5))
                                                  ;endgroup
<to be read again> 
                   ;
<for("5e-2")> otick.bot(Autoform,(EXPR0));
                                           ENDFOR
gaussianplot4->...FFIX2)(Autoform,x)(TEXT4);endfor
                                                  .fi.if.str(SUFFIX3)<>"":fo...
<to be read again> 
                   ;
l.398   autogrid(otick.bot,);
                             
The equation I just processed has given some variable
a value of 4096 or more. Continue and I'll try to cope
with that big value; but it might be dangerous.
(Set warningcheck:=0 to suppress this message.)

! Value is too large (-9694.79428).
Glab_->...h(EXPR2);else:save.x,y;z=llcorner.Gcbb_;
                                                  if.unknown.xpart(EXPR2):xp...

Glab_->...nown.ypart(EXPR0):1+fi0);Gupbb_((EXPR0))
                                                  ;addto.Gcur_.also.image((T...

gaussianplot4->...),false,(EXPR3),(EXPR4),(TEXT5))
                                                  ;endgroup
<to be read again> 
                   ;
<for(0.1)> otick.bot(Autoform,(EXPR0));
                                        ENDFOR
gaussianplot4->...FFIX2)(Autoform,x)(TEXT4);endfor
                                                  .fi.if.str(SUFFIX3)<>"":fo...
<to be read again> 
                   ;
l.398   autogrid(otick.bot,);
                             
The equation I just processed has given some variable
a value of 4096 or more. Continue and I'll try to cope
with that big value; but it might be dangerous.
(Set warningcheck:=0 to suppress this message.)

! Value is too large (-9694.79428).
Glab_->...h(EXPR2);else:save.x,y;z=llcorner.Gcbb_;
                                                  if.unknown.xpart(EXPR2):xp...

Glab_->...nown.ypart(EXPR0):1+fi0);Gupbb_((EXPR0))
                                                  ;addto.Gcur_.also.image((T...

gaussianplot4->...),false,(EXPR3),(EXPR4),(TEXT5))
                                                  ;endgroup
<to be read again> 
                   ;
<for(0.2)> otick.bot(Autoform,(EXPR0));
                                        ENDFOR
gaussianplot4->...FFIX2)(Autoform,x)(TEXT4);endfor
                                                  .fi.if.str(SUFFIX3)<>"":fo...
<to be read again> 
                   ;
l.398   autogrid(otick.bot,);
                             
The equation I just processed has given some variable
a value of 4096 or more. Continue and I'll try to cope
with that big value; but it might be dangerous.
(Set warningcheck:=0 to suppress this message.)

! Value is too large (-9694.79428).
Glab_->...h(EXPR2);else:save.x,y;z=llcorner.Gcbb_;
                                                  if.unknown.xpart(EXPR2):xp...

Glab_->...nown.ypart(EXPR0):1+fi0);Gupbb_((EXPR0))
                                                  ;addto.Gcur_.also.image((T...

gaussianplot4->...),false,(EXPR3),(EXPR4),(TEXT5))
                                                  ;endgroup
<to be read again> 
                   ;
<for(0.5)> otick.bot(Autoform,(EXPR0));
                                        ENDFOR
gaussianplot4->...FFIX2)(Autoform,x)(TEXT4);endfor
                                                  .fi.if.str(SUFFIX3)<>"":fo...
<to be read again> 
                   ;
l.398   autogrid(otick.bot,);
                             
The equation I just processed has given some variable
a value of 4096 or more. Continue and I'll try to cope
with that big value; but it might be dangerous.
(Set warningcheck:=0 to suppress this message.)

! Value is too large (-9694.79428).
Glab_->...h(EXPR2);else:save.x,y;z=llcorner.Gcbb_;
                                                  if.unknown.xpart(EXPR2):xp...

Glab_->...nown.ypart(EXPR0):1+fi0);Gupbb_((EXPR0))
                                                  ;addto.Gcur_.also.image((T...

gaussianplot4->...),false,(EXPR3),(EXPR4),(TEXT5))
                                                  ;endgroup
<to be read again> 
                   ;
<for(1)> otick.bot(Autoform,(EXPR0));
                                      ENDFOR
gaussianplot4->...FFIX2)(Autoform,x)(TEXT4);endfor
                                                  .fi.if.str(SUFFIX3)<>"":fo...
<to be read again> 
                   ;
l.398   autogrid(otick.bot,);
                             
The equation I just processed has given some variable
a value of 4096 or more. Continue and I'll try to cope
with that big value; but it might be dangerous.
(Set warningcheck:=0 to suppress this message.)

! Value is too large (-9694.79428).
Glab_->...h(EXPR2);else:save.x,y;z=llcorner.Gcbb_;
                                                  if.unknown.xpart(EXPR2):xp...

Glab_->...nown.ypart(EXPR0):1+fi0);Gupbb_((EXPR0))
                                                  ;addto.Gcur_.also.image((T...

gaussianplot4->...),false,(EXPR3),(EXPR4),(TEXT5))
                                                  ;endgroup
<to be read again> 
                   ;
<for(2)> otick.bot(Autoform,(EXPR0));
                                      ENDFOR
gaussianplot4->...FFIX2)(Autoform,x)(TEXT4);endfor
                                                  .fi.if.str(SUFFIX3)<>"":fo...
<to be read again> 
                   ;
l.398   autogrid(otick.bot,);
                             
The equation I just processed has given some variable
a value of 4096 or more. Continue and I'll try to cope
with that big value; but it might be dangerous.
(Set warningcheck:=0 to suppress this message.)

! Value is too large (-9694.79428).
Glab_->...h(EXPR2);else:save.x,y;z=llcorner.Gcbb_;
                                                  if.unknown.xpart(EXPR2):xp...

Glab_->...nown.ypart(EXPR0):1+fi0);Gupbb_((EXPR0))
                                                  ;addto.Gcur_.also.image((T...

endgraph->...(whatever,whatever),,draw.p_.shifted)
                                                  ;endgroup
<to be read again> 
                   ;
endgraph->....bot,otick.lft);fi.if.Gneedfr_:frame;
                                                  fi.setcoords(linear,linear...
l.402 endgraph
               shifted(plotwidth + 1.5cm, -plotheight-1.2cm);
The equation I just processed has given some variable
a value of 4096 or more. Continue and I'll try to cope
with that big value; but it might be dangerous.
(Set warningcheck:=0 to suppress this message.)

[1{pdftex.map
Warning: fontmap entry for `contnav' already exists, duplicates ignored
}]
! Value is too large (-9697.57458).
Glab_->...h(EXPR2);else:save.x,y;z=llcorner.Gcbb_;
                                                  if.unknown.xpart(EXPR2):xp...

Glab_->...nown.ypart(EXPR0):1+fi0);Gupbb_((EXPR0))
                                                  ;addto.Gcur_.also.image((T...

gaussianplot4->...),false,(EXPR3),(EXPR4),(TEXT5))
                                                  ;endgroup
<to be read again> 
                   ;
l.525   otick.lft(btex $0.01$ etex, 0.01);
                                          
The equation I just processed has given some variable
a value of 4096 or more. Continue and I'll try to cope
with that big value; but it might be dangerous.
(Set warningcheck:=0 to suppress this message.)

! Value is too large (-9697.57458).
Glab_->...h(EXPR2);else:save.x,y;z=llcorner.Gcbb_;
                                                  if.unknown.xpart(EXPR2):xp...

Glab_->...nown.ypart(EXPR0):1+fi0);Gupbb_((EXPR0))
                                                  ;addto.Gcur_.also.image((T...

gaussianplot4->...),false,(EXPR3),(EXPR4),(TEXT5))
                                                  ;endgroup
<to be read again> 
                   ;
l.526   otick.lft(btex $10^{-4}$ etex, 0.0001);
                                               
The equation I just processed has given some variable
a value of 4096 or more. Continue and I'll try to cope
with that big value; but it might be dangerous.
(Set warningcheck:=0 to suppress this message.)

! Value is too large (-9697.57458).
Glab_->...h(EXPR2);else:save.x,y;z=llcorner.Gcbb_;
                                                  if.unknown.xpart(EXPR2):xp...

Glab_->...nown.ypart(EXPR0):1+fi0);Gupbb_((EXPR0))
                                                  ;addto.Gcur_.also.image((T...

gaussianplot4->...),false,(EXPR3),(EXPR4),(TEXT5))
                                                  ;endgroup
<to be read again> 
                   ;
l.527   otick.lft(btex $10^{-6}$ etex, "1e-6");
                                               
The equation I just processed has given some variable
a value of 4096 or more. Continue and I'll try to cope
with that big value; but it might be dangerous.
(Set warningcheck:=0 to suppress this message.)

! Value is too large (-9697.57458).
Glab_->...h(EXPR2);else:save.x,y;z=llcorner.Gcbb_;
                                                  if.unknown.xpart(EXPR2):xp...

Glab_->...nown.ypart(EXPR0):1+fi0);Gupbb_((EXPR0))
                                                  ;addto.Gcur_.also.image((T...

gaussianplot4->...),false,(EXPR3),(EXPR4),(TEXT5))
                                                  ;endgroup
<to be read again> 
                   ;
l.528   otick.lft(btex $10^{-8}$ etex, "1e-8");
                                               
The equation I just processed has given some variable
a value of 4096 or more. Continue and I'll try to cope
with that big value; but it might be dangerous.
(Set warningcheck:=0 to suppress this message.)

! Value is too large (-9697.57458).
Glab_->...h(EXPR2);else:save.x,y;z=llcorner.Gcbb_;
                                                  if.unknown.xpart(EXPR2):xp...

Glab_->...nown.ypart(EXPR0):1+fi0);Gupbb_((EXPR0))
                                                  ;addto.Gcur_.also.image((T...

gaussianplot4->...),false,(EXPR3),(EXPR4),(TEXT5))
                                                  ;endgroup
<to be read again> 
                   ;
l.529   otick.lft(btex $10^{-10}$ etex, "1e-10");
                                                 
The equation I just processed has given some variable
a value of 4096 or more. Continue and I'll try to cope
with that big value; but it might be dangerous.
(Set warningcheck:=0 to suppress this message.)

! Value is too large (-9697.57458).
Glab_->...h(EXPR2);else:save.x,y;z=llcorner.Gcbb_;
                                                  if.unknown.xpart(EXPR2):xp...

Glab_->...nown.ypart(EXPR0):1+fi0);Gupbb_((EXPR0))
                                                  ;addto.Gcur_.also.image((T...

gaussianplot4->...),false,(EXPR3),(EXPR4),(TEXT5))
                                                  ;endgroup
<to be read again> 
                   ;
l.530   otick.lft(btex $10^{-12}$ etex, "1e-12");
                                                 
The equation I just processed has given some variable
a value of 4096 or more. Continue and I'll try to cope
with that big value; but it might be dangerous.
(Set warningcheck:=0 to suppress this message.)

! Value is too large (-9697.57458).
Glab_->...h(EXPR2);else:save.x,y;z=llcorner.Gcbb_;
                                                  if.unknown.xpart(EXPR2):xp...

Glab_->...nown.ypart(EXPR0):1+fi0);Gupbb_((EXPR0))
                                                  ;addto.Gcur_.also.image((T...

gaussianplot4->...),false,(EXPR3),(EXPR4),(TEXT5))
                                                  ;endgroup
<to be read again> 
                   ;
l.531   otick.lft(btex $10^{-14}$ etex, "1e-14");
                                                 
The equation I just processed has given some variable
a value of 4096 or more. Continue and I'll try to cope
with that big value; but it might be dangerous.
(Set warningcheck:=0 to suppress this message.)

! Value is too large (-9697.57458).
Glab_->...h(EXPR2);else:save.x,y;z=llcorner.Gcbb_;
                                                  if.unknown.xpart(EXPR2):xp...

Glab_->...nown.ypart(EXPR0):1+fi0);Gupbb_((EXPR0))
                                                  ;addto.Gcur_.also.image((T...

gaussianplot4->...),false,(EXPR3),(EXPR4),(TEXT5))
                                                  ;endgroup
<to be read again> 
                   ;
l.532   otick.lft(btex $10^{-16}$ etex, "1e-16");
                                                 
The equation I just processed has given some variable
a value of 4096 or more. Continue and I'll try to cope
with that big value; but it might be dangerous.
(Set warningcheck:=0 to suppress this message.)

! Value is too large (-9697.57458).
Glab_->...h(EXPR2);else:save.x,y;z=llcorner.Gcbb_;
                                                  if.unknown.xpart(EXPR2):xp...

Glab_->...nown.ypart(EXPR0):1+fi0);Gupbb_((EXPR0))
                                                  ;addto.Gcur_.also.image((T...

gaussianplot4->...),false,(EXPR3),(EXPR4),(TEXT5))
                                                  ;endgroup
<to be read again> 
                   ;
<for("5e-3")> otick.bot(Autoform,(EXPR0));
                                           ENDFOR
gaussianplot4->...FFIX2)(Autoform,x)(TEXT4);endfor
                                                  .fi.if.str(SUFFIX3)<>"":fo...
<to be read again> 
                   ;
l.533   autogrid(otick.bot,);
                             
The equation I just processed has given some variable
a value of 4096 or more. Continue and I'll try to cope
with that big value; but it might be dangerous.
(Set warningcheck:=0 to suppress this message.)

! Value is too large (-9697.57458).
Glab_->...h(EXPR2);else:save.x,y;z=llcorner.Gcbb_;
                                                  if.unknown.xpart(EXPR2):xp...

Glab_->...nown.ypart(EXPR0):1+fi0);Gupbb_((EXPR0))
                                                  ;addto.Gcur_.also.image((T...

gaussianplot4->...),false,(EXPR3),(EXPR4),(TEXT5))
                                                  ;endgroup
<to be read again> 
                   ;
<for("1e-2")> otick.bot(Autoform,(EXPR0));
                                           ENDFOR
gaussianplot4->...FFIX2)(Autoform,x)(TEXT4);endfor
                                                  .fi.if.str(SUFFIX3)<>"":fo...
<to be read again> 
                   ;
l.533   autogrid(otick.bot,);
                             
The equation I just processed has given some variable
a value of 4096 or more. Continue and I'll try to cope
with that big value; but it might be dangerous.
(Set warningcheck:=0 to suppress this message.)

! Value is too large (-9697.57458).
Glab_->...h(EXPR2);else:save.x,y;z=llcorner.Gcbb_;
                                                  if.unknown.xpart(EXPR2):xp...

Glab_->...nown.ypart(EXPR0):1+fi0);Gupbb_((EXPR0))
                                                  ;addto.Gcur_.also.image((T...

gaussianplot4->...),false,(EXPR3),(EXPR4),(TEXT5))
                                                  ;endgroup
<to be read again> 
                   ;
<for("2e-2")> otick.bot(Autoform,(EXPR0));
                                           ENDFOR
gaussianplot4->...FFIX2)(Autoform,x)(TEXT4);endfor
                                                  .fi.if.str(SUFFIX3)<>"":fo...
<to be read again> 
                   ;
l.533   autogrid(otick.bot,);
                             
The equation I just processed has given some variable
a value of 4096 or more. Continue and I'll try to cope
with that big value; but it might be dangerous.
(Set warningcheck:=0 to suppress this message.)

! Value is too large (-9697.57458).
Glab_->...h(EXPR2);else:save.x,y;z=llcorner.Gcbb_;
                                                  if.unknown.xpart(EXPR2):xp...

Glab_->...nown.ypart(EXPR0):1+fi0);Gupbb_((EXPR0))
                                                  ;addto.Gcur_.also.image((T...

gaussianplot4->...),false,(EXPR3),(EXPR4),(TEXT5))
                                                  ;endgroup
<to be read again> 
                   ;
<for("5e-2")> otick.bot(Autoform,(EXPR0));
                                           ENDFOR
gaussianplot4->...FFIX2)(Autoform,x)(TEXT4);endfor
                                                  .fi.if.str(SUFFIX3)<>"":fo...
<to be read again> 
                   ;
l.533   autogrid(otick.bot,);
                             
The equation I just processed has given some variable
a value of 4096 or more. Continue and I'll try to cope
with that big value; but it might be dangerous.
(Set warningcheck:=0 to suppress this message.)

! Value is too large (-9697.57458).
Glab_->...h(EXPR2);else:save.x,y;z=llcorner.Gcbb_;
                                                  if.unknown.xpart(EXPR2):xp...

Glab_->...nown.ypart(EXPR0):1+fi0);Gupbb_((EXPR0))
                                                  ;addto.Gcur_.also.image((T...

gaussianplot4->...),false,(EXPR3),(EXPR4),(TEXT5))
                                                  ;endgroup
<to be read again> 
                   ;
<for(0.1)> otick.bot(Autoform,(EXPR0));
                                        ENDFOR
gaussianplot4->...FFIX2)(Autoform,x)(TEXT4);endfor
                                                  .fi.if.str(SUFFIX3)<>"":fo...
<to be read again> 
                   ;
l.533   autogrid(otick.bot,);
                             
The equation I just processed has given some variable
a value of 4096 or more. Continue and I'll try to cope
with that big value; but it might be dangerous.
(Set warningcheck:=0 to suppress this message.)

! Value is too large (-9697.57458).
Glab_->...h(EXPR2);else:save.x,y;z=llcorner.Gcbb_;
                                                  if.unknown.xpart(EXPR2):xp...

Glab_->...nown.ypart(EXPR0):1+fi0);Gupbb_((EXPR0))
                                                  ;addto.Gcur_.also.image((T...

gaussianplot4->...),false,(EXPR3),(EXPR4),(TEXT5))
                                                  ;endgroup
<to be read again> 
                   ;
<for(0.2)> otick.bot(Autoform,(EXPR0));
                                        ENDFOR
gaussianplot4->...FFIX2)(Autoform,x)(TEXT4);endfor
                                                  .fi.if.str(SUFFIX3)<>"":fo...
<to be read again> 
                   ;
l.533   autogrid(otick.bot,);
                             
The equation I just processed has given some variable
a value of 4096 or more. Continue and I'll try to cope
with that big value; but it might be dangerous.
(Set warningcheck:=0 to suppress this message.)

! Value is too large (-9697.57458).
Glab_->...h(EXPR2);else:save.x,y;z=llcorner.Gcbb_;
                                                  if.unknown.xpart(EXPR2):xp...

Glab_->...nown.ypart(EXPR0):1+fi0);Gupbb_((EXPR0))
                                                  ;addto.Gcur_.also.image((T...

gaussianplot4->...),false,(EXPR3),(EXPR4),(TEXT5))
                                                  ;endgroup
<to be read again> 
                   ;
<for(0.5)> otick.bot(Autoform,(EXPR0));
                                        ENDFOR
gaussianplot4->...FFIX2)(Autoform,x)(TEXT4);endfor
                                                  .fi.if.str(SUFFIX3)<>"":fo...
<to be read again> 
                   ;
l.533   autogrid(otick.bot,);
                             
The equation I just processed has given some variable
a value of 4096 or more. Continue and I'll try to cope
with that big value; but it might be dangerous.
(Set warningcheck:=0 to suppress this message.)

! Value is too large (-9697.57458).
Glab_->...h(EXPR2);else:save.x,y;z=llcorner.Gcbb_;
                                                  if.unknown.xpart(EXPR2):xp...

Glab_->...nown.ypart(EXPR0):1+fi0);Gupbb_((EXPR0))
                                                  ;addto.Gcur_.also.image((T...

gaussianplot4->...),false,(EXPR3),(EXPR4),(TEXT5))
                                                  ;endgroup
<to be read again> 
                   ;
<for(1)> otick.bot(Autoform,(EXPR0));
                                      ENDFOR
gaussianplot4->...FFIX2)(Autoform,x)(TEXT4);endfor
                                                  .fi.if.str(SUFFIX3)<>"":fo...
<to be read again> 
                   ;
l.533   autogrid(otick.bot,);
                             
The equation I just processed has given some variable
a value of 4096 or more. Continue and I'll try to cope
with that big value; but it might be dangerous.
(Set warningcheck:=0 to suppress this message.)

! Value is too large (-9697.57458).
Glab_->...h(EXPR2);else:save.x,y;z=llcorner.Gcbb_;
                                                  if.unknown.xpart(EXPR2):xp...

Glab_->...nown.ypart(EXPR0):1+fi0);Gupbb_((EXPR0))
                                                  ;addto.Gcur_.also.image((T...

gaussianplot4->...),false,(EXPR3),(EXPR4),(TEXT5))
                                                  ;endgroup
<to be read again> 
                   ;
<for(2)> otick.bot(Autoform,(EXPR0));
                                      ENDFOR
gaussianplot4->...FFIX2)(Autoform,x)(TEXT4);endfor
                                                  .fi.if.str(SUFFIX3)<>"":fo...
<to be read again> 
                   ;
l.533   autogrid(otick.bot,);
                             
The equation I just processed has given some variable
a value of 4096 or more. Continue and I'll try to cope
with that big value; but it might be dangerous.
(Set warningcheck:=0 to suppress this message.)

! Value is too large (-9697.57458).
Glab_->...h(EXPR2);else:save.x,y;z=llcorner.Gcbb_;
                                                  if.unknown.xpart(EXPR2):xp...

Glab_->...nown.ypart(EXPR0):1+fi0);Gupbb_((EXPR0))
                                                  ;addto.Gcur_.also.image((T...

endgraph->...(whatever,whatever),,draw.p_.shifted)
                                                  ;endgroup
<to be read again> 
                   ;
endgraph->....bot,otick.lft);fi.if.Gneedfr_:frame;
                                                  fi.setcoords(linear,linear...
l.537 endgraph
               shifted(0, -plotheight-1.2cm);
The equation I just processed has given some variable
a value of 4096 or more. Continue and I'll try to cope
with that big value; but it might be dangerous.
(Set warningcheck:=0 to suppress this message.)

[2] )
2 output files written: gaussianplot4-1.mps .. gaussianplot4-2.mps

