This is MetaPost, version 1.504 (kpathsea version 6.0.1)  3 FEB 2013 11:18
**lseplot.mp ^^M
(mpost.mp (/usr/local/texlive/2011/texmf-dist/metapost/base/plain.mp
Preloading the plain mem file, version 1.004)) (./lseplot.mp
(/usr/local/texlive/2011/texmf-dist/metapost/base/graph.mp
(/usr/local/texlive/2011/texmf-dist/metapost/base/marith.mp
(/usr/local/texlive/2011/texmf-dist/metapost/base/string.mp))
(/usr/local/texlive/2011/texmf-dist/metapost/base/format.mp
(/usr/local/texlive/2011/texmf-dist/metapost/base/string.mp)
(/usr/local/texlive/2011/texmf-dist/metapost/base/texnum.mp)))
(/usr/local/texlive/2011/texmf-dist/metapost/base/sarith.mp)
! Value is too large (-7686.99045).
Glab_->...h(EXPR2);else:save.x,y;z=llcorner.Gcbb_;
                                                  if.unknown.xpart(EXPR2):xp...

Glab_->...nown.ypart(EXPR0):1+fi0);Gupbb_((EXPR0))
                                                  ;addto.Gcur_.also.image((T...

lseplot->...UFFIX1),false,(EXPR3),(EXPR4),(TEXT5))
                                                  ;endgroup
<to be read again> 
                   ;
l.154   otick.lft(btex $0.01$ etex, 0.01);
                                          
The equation I just processed has given some variable
a value of 4096 or more. Continue and I'll try to cope
with that big value; but it might be dangerous.
(Set warningcheck:=0 to suppress this message.)

! Value is too large (-7686.99045).
Glab_->...h(EXPR2);else:save.x,y;z=llcorner.Gcbb_;
                                                  if.unknown.xpart(EXPR2):xp...

Glab_->...nown.ypart(EXPR0):1+fi0);Gupbb_((EXPR0))
                                                  ;addto.Gcur_.also.image((T...

lseplot->...UFFIX1),false,(EXPR3),(EXPR4),(TEXT5))
                                                  ;endgroup
<to be read again> 
                   ;
l.155   otick.lft(btex $10^{-4}$ etex, 0.0001);
                                               
The equation I just processed has given some variable
a value of 4096 or more. Continue and I'll try to cope
with that big value; but it might be dangerous.
(Set warningcheck:=0 to suppress this message.)

! Value is too large (-7686.99045).
Glab_->...h(EXPR2);else:save.x,y;z=llcorner.Gcbb_;
                                                  if.unknown.xpart(EXPR2):xp...

Glab_->...nown.ypart(EXPR0):1+fi0);Gupbb_((EXPR0))
                                                  ;addto.Gcur_.also.image((T...

lseplot->...UFFIX1),false,(EXPR3),(EXPR4),(TEXT5))
                                                  ;endgroup
<to be read again> 
                   ;
l.156   otick.lft(btex $10^{-6}$ etex, "1e-6");
                                               
The equation I just processed has given some variable
a value of 4096 or more. Continue and I'll try to cope
with that big value; but it might be dangerous.
(Set warningcheck:=0 to suppress this message.)

! Value is too large (-7686.99045).
Glab_->...h(EXPR2);else:save.x,y;z=llcorner.Gcbb_;
                                                  if.unknown.xpart(EXPR2):xp...

Glab_->...nown.ypart(EXPR0):1+fi0);Gupbb_((EXPR0))
                                                  ;addto.Gcur_.also.image((T...

lseplot->...UFFIX1),false,(EXPR3),(EXPR4),(TEXT5))
                                                  ;endgroup
<to be read again> 
                   ;
l.157   otick.lft(btex $10^{-8}$ etex, "1e-8");
                                               
The equation I just processed has given some variable
a value of 4096 or more. Continue and I'll try to cope
with that big value; but it might be dangerous.
(Set warningcheck:=0 to suppress this message.)

! Value is too large (-7686.99045).
Glab_->...h(EXPR2);else:save.x,y;z=llcorner.Gcbb_;
                                                  if.unknown.xpart(EXPR2):xp...

Glab_->...nown.ypart(EXPR0):1+fi0);Gupbb_((EXPR0))
                                                  ;addto.Gcur_.also.image((T...

lseplot->...UFFIX1),false,(EXPR3),(EXPR4),(TEXT5))
                                                  ;endgroup
<to be read again> 
                   ;
l.158   otick.lft(btex $10^{-10}$ etex, "1e-10");
                                                 
The equation I just processed has given some variable
a value of 4096 or more. Continue and I'll try to cope
with that big value; but it might be dangerous.
(Set warningcheck:=0 to suppress this message.)

! Value is too large (-7686.99045).
Glab_->...h(EXPR2);else:save.x,y;z=llcorner.Gcbb_;
                                                  if.unknown.xpart(EXPR2):xp...

Glab_->...nown.ypart(EXPR0):1+fi0);Gupbb_((EXPR0))
                                                  ;addto.Gcur_.also.image((T...

lseplot->...UFFIX1),false,(EXPR3),(EXPR4),(TEXT5))
                                                  ;endgroup
<to be read again> 
                   ;
l.159   otick.lft(btex $10^{-12}$ etex, "1e-12");
                                                 
The equation I just processed has given some variable
a value of 4096 or more. Continue and I'll try to cope
with that big value; but it might be dangerous.
(Set warningcheck:=0 to suppress this message.)

! Value is too large (-7686.99045).
Glab_->...h(EXPR2);else:save.x,y;z=llcorner.Gcbb_;
                                                  if.unknown.xpart(EXPR2):xp...

Glab_->...nown.ypart(EXPR0):1+fi0);Gupbb_((EXPR0))
                                                  ;addto.Gcur_.also.image((T...

lseplot->...UFFIX1),false,(EXPR3),(EXPR4),(TEXT5))
                                                  ;endgroup
<to be read again> 
                   ;
<for("5e-3")> otick.bot(Autoform,(EXPR0));
                                           ENDFOR
lseplot->....x:(SUFFIX2)(Autoform,x)(TEXT4);endfor
                                                  .fi.if.str(SUFFIX3)<>"":fo...
<to be read again> 
                   ;
l.160   autogrid(otick.bot,);
                             
The equation I just processed has given some variable
a value of 4096 or more. Continue and I'll try to cope
with that big value; but it might be dangerous.
(Set warningcheck:=0 to suppress this message.)

! Value is too large (-7686.99045).
Glab_->...h(EXPR2);else:save.x,y;z=llcorner.Gcbb_;
                                                  if.unknown.xpart(EXPR2):xp...

Glab_->...nown.ypart(EXPR0):1+fi0);Gupbb_((EXPR0))
                                                  ;addto.Gcur_.also.image((T...

lseplot->...UFFIX1),false,(EXPR3),(EXPR4),(TEXT5))
                                                  ;endgroup
<to be read again> 
                   ;
<for("1e-2")> otick.bot(Autoform,(EXPR0));
                                           ENDFOR
lseplot->....x:(SUFFIX2)(Autoform,x)(TEXT4);endfor
                                                  .fi.if.str(SUFFIX3)<>"":fo...
<to be read again> 
                   ;
l.160   autogrid(otick.bot,);
                             
The equation I just processed has given some variable
a value of 4096 or more. Continue and I'll try to cope
with that big value; but it might be dangerous.
(Set warningcheck:=0 to suppress this message.)

! Value is too large (-7686.99045).
Glab_->...h(EXPR2);else:save.x,y;z=llcorner.Gcbb_;
                                                  if.unknown.xpart(EXPR2):xp...

Glab_->...nown.ypart(EXPR0):1+fi0);Gupbb_((EXPR0))
                                                  ;addto.Gcur_.also.image((T...

lseplot->...UFFIX1),false,(EXPR3),(EXPR4),(TEXT5))
                                                  ;endgroup
<to be read again> 
                   ;
<for("2e-2")> otick.bot(Autoform,(EXPR0));
                                           ENDFOR
lseplot->....x:(SUFFIX2)(Autoform,x)(TEXT4);endfor
                                                  .fi.if.str(SUFFIX3)<>"":fo...
<to be read again> 
                   ;
l.160   autogrid(otick.bot,);
                             
The equation I just processed has given some variable
a value of 4096 or more. Continue and I'll try to cope
with that big value; but it might be dangerous.
(Set warningcheck:=0 to suppress this message.)

! Value is too large (-7686.99045).
Glab_->...h(EXPR2);else:save.x,y;z=llcorner.Gcbb_;
                                                  if.unknown.xpart(EXPR2):xp...

Glab_->...nown.ypart(EXPR0):1+fi0);Gupbb_((EXPR0))
                                                  ;addto.Gcur_.also.image((T...

lseplot->...UFFIX1),false,(EXPR3),(EXPR4),(TEXT5))
                                                  ;endgroup
<to be read again> 
                   ;
<for("5e-2")> otick.bot(Autoform,(EXPR0));
                                           ENDFOR
lseplot->....x:(SUFFIX2)(Autoform,x)(TEXT4);endfor
                                                  .fi.if.str(SUFFIX3)<>"":fo...
<to be read again> 
                   ;
l.160   autogrid(otick.bot,);
                             
The equation I just processed has given some variable
a value of 4096 or more. Continue and I'll try to cope
with that big value; but it might be dangerous.
(Set warningcheck:=0 to suppress this message.)

! Value is too large (-7686.99045).
Glab_->...h(EXPR2);else:save.x,y;z=llcorner.Gcbb_;
                                                  if.unknown.xpart(EXPR2):xp...

Glab_->...nown.ypart(EXPR0):1+fi0);Gupbb_((EXPR0))
                                                  ;addto.Gcur_.also.image((T...

lseplot->...UFFIX1),false,(EXPR3),(EXPR4),(TEXT5))
                                                  ;endgroup
<to be read again> 
                   ;
<for(0.1)> otick.bot(Autoform,(EXPR0));
                                        ENDFOR
lseplot->....x:(SUFFIX2)(Autoform,x)(TEXT4);endfor
                                                  .fi.if.str(SUFFIX3)<>"":fo...
<to be read again> 
                   ;
l.160   autogrid(otick.bot,);
                             
The equation I just processed has given some variable
a value of 4096 or more. Continue and I'll try to cope
with that big value; but it might be dangerous.
(Set warningcheck:=0 to suppress this message.)

! Value is too large (-7686.99045).
Glab_->...h(EXPR2);else:save.x,y;z=llcorner.Gcbb_;
                                                  if.unknown.xpart(EXPR2):xp...

Glab_->...nown.ypart(EXPR0):1+fi0);Gupbb_((EXPR0))
                                                  ;addto.Gcur_.also.image((T...

lseplot->...UFFIX1),false,(EXPR3),(EXPR4),(TEXT5))
                                                  ;endgroup
<to be read again> 
                   ;
<for(0.2)> otick.bot(Autoform,(EXPR0));
                                        ENDFOR
lseplot->....x:(SUFFIX2)(Autoform,x)(TEXT4);endfor
                                                  .fi.if.str(SUFFIX3)<>"":fo...
<to be read again> 
                   ;
l.160   autogrid(otick.bot,);
                             
The equation I just processed has given some variable
a value of 4096 or more. Continue and I'll try to cope
with that big value; but it might be dangerous.
(Set warningcheck:=0 to suppress this message.)

! Value is too large (-7686.99045).
Glab_->...h(EXPR2);else:save.x,y;z=llcorner.Gcbb_;
                                                  if.unknown.xpart(EXPR2):xp...

Glab_->...nown.ypart(EXPR0):1+fi0);Gupbb_((EXPR0))
                                                  ;addto.Gcur_.also.image((T...

lseplot->...UFFIX1),false,(EXPR3),(EXPR4),(TEXT5))
                                                  ;endgroup
<to be read again> 
                   ;
<for(0.5)> otick.bot(Autoform,(EXPR0));
                                        ENDFOR
lseplot->....x:(SUFFIX2)(Autoform,x)(TEXT4);endfor
                                                  .fi.if.str(SUFFIX3)<>"":fo...
<to be read again> 
                   ;
l.160   autogrid(otick.bot,);
                             
The equation I just processed has given some variable
a value of 4096 or more. Continue and I'll try to cope
with that big value; but it might be dangerous.
(Set warningcheck:=0 to suppress this message.)

! Value is too large (-7686.99045).
Glab_->...h(EXPR2);else:save.x,y;z=llcorner.Gcbb_;
                                                  if.unknown.xpart(EXPR2):xp...

Glab_->...nown.ypart(EXPR0):1+fi0);Gupbb_((EXPR0))
                                                  ;addto.Gcur_.also.image((T...

lseplot->...UFFIX1),false,(EXPR3),(EXPR4),(TEXT5))
                                                  ;endgroup
<to be read again> 
                   ;
<for(1)> otick.bot(Autoform,(EXPR0));
                                      ENDFOR
lseplot->....x:(SUFFIX2)(Autoform,x)(TEXT4);endfor
                                                  .fi.if.str(SUFFIX3)<>"":fo...
<to be read again> 
                   ;
l.160   autogrid(otick.bot,);
                             
The equation I just processed has given some variable
a value of 4096 or more. Continue and I'll try to cope
with that big value; but it might be dangerous.
(Set warningcheck:=0 to suppress this message.)

! Value is too large (-7686.99045).
Glab_->...h(EXPR2);else:save.x,y;z=llcorner.Gcbb_;
                                                  if.unknown.xpart(EXPR2):xp...

Glab_->...nown.ypart(EXPR0):1+fi0);Gupbb_((EXPR0))
                                                  ;addto.Gcur_.also.image((T...

lseplot->...UFFIX1),false,(EXPR3),(EXPR4),(TEXT5))
                                                  ;endgroup
<to be read again> 
                   ;
<for(2)> otick.bot(Autoform,(EXPR0));
                                      ENDFOR
lseplot->....x:(SUFFIX2)(Autoform,x)(TEXT4);endfor
                                                  .fi.if.str(SUFFIX3)<>"":fo...
<to be read again> 
                   ;
l.160   autogrid(otick.bot,);
                             
The equation I just processed has given some variable
a value of 4096 or more. Continue and I'll try to cope
with that big value; but it might be dangerous.
(Set warningcheck:=0 to suppress this message.)

! Value is too large (-7686.99045).
Glab_->...h(EXPR2);else:save.x,y;z=llcorner.Gcbb_;
                                                  if.unknown.xpart(EXPR2):xp...

Glab_->...nown.ypart(EXPR0):1+fi0);Gupbb_((EXPR0))
                                                  ;addto.Gcur_.also.image((T...

endgraph->...(whatever,whatever),,draw.p_.shifted)
                                                  ;endgroup
<to be read again> 
                   ;
endgraph->....bot,otick.lft);fi.if.Gneedfr_:frame;
                                                  fi.setcoords(linear,linear...
l.164 endgraph
              ;
The equation I just processed has given some variable
a value of 4096 or more. Continue and I'll try to cope
with that big value; but it might be dangerous.
(Set warningcheck:=0 to suppress this message.)

! Value is too large (-7043.38904).
Glab_->...h(EXPR2);else:save.x,y;z=llcorner.Gcbb_;
                                                  if.unknown.xpart(EXPR2):xp...

Glab_->...nown.ypart(EXPR0):1+fi0);Gupbb_((EXPR0))
                                                  ;addto.Gcur_.also.image((T...

lseplot->...UFFIX1),false,(EXPR3),(EXPR4),(TEXT5))
                                                  ;endgroup
<to be read again> 
                   ;
l.219   otick.lft(btex $0.01$ etex, 0.01);
                                          
The equation I just processed has given some variable
a value of 4096 or more. Continue and I'll try to cope
with that big value; but it might be dangerous.
(Set warningcheck:=0 to suppress this message.)

! Value is too large (-7043.38904).
Glab_->...h(EXPR2);else:save.x,y;z=llcorner.Gcbb_;
                                                  if.unknown.xpart(EXPR2):xp...

Glab_->...nown.ypart(EXPR0):1+fi0);Gupbb_((EXPR0))
                                                  ;addto.Gcur_.also.image((T...

lseplot->...UFFIX1),false,(EXPR3),(EXPR4),(TEXT5))
                                                  ;endgroup
<to be read again> 
                   ;
l.220   otick.lft(btex $10^{-4}$ etex, 0.0001);
                                               
The equation I just processed has given some variable
a value of 4096 or more. Continue and I'll try to cope
with that big value; but it might be dangerous.
(Set warningcheck:=0 to suppress this message.)

! Value is too large (-7043.38904).
Glab_->...h(EXPR2);else:save.x,y;z=llcorner.Gcbb_;
                                                  if.unknown.xpart(EXPR2):xp...

Glab_->...nown.ypart(EXPR0):1+fi0);Gupbb_((EXPR0))
                                                  ;addto.Gcur_.also.image((T...

lseplot->...UFFIX1),false,(EXPR3),(EXPR4),(TEXT5))
                                                  ;endgroup
<to be read again> 
                   ;
l.221   otick.lft(btex $10^{-6}$ etex, "1e-6");
                                               
The equation I just processed has given some variable
a value of 4096 or more. Continue and I'll try to cope
with that big value; but it might be dangerous.
(Set warningcheck:=0 to suppress this message.)

! Value is too large (-7043.38904).
Glab_->...h(EXPR2);else:save.x,y;z=llcorner.Gcbb_;
                                                  if.unknown.xpart(EXPR2):xp...

Glab_->...nown.ypart(EXPR0):1+fi0);Gupbb_((EXPR0))
                                                  ;addto.Gcur_.also.image((T...

lseplot->...UFFIX1),false,(EXPR3),(EXPR4),(TEXT5))
                                                  ;endgroup
<to be read again> 
                   ;
l.222   otick.lft(btex $10^{-8}$ etex, "1e-8");
                                               
The equation I just processed has given some variable
a value of 4096 or more. Continue and I'll try to cope
with that big value; but it might be dangerous.
(Set warningcheck:=0 to suppress this message.)

! Value is too large (-7043.38904).
Glab_->...h(EXPR2);else:save.x,y;z=llcorner.Gcbb_;
                                                  if.unknown.xpart(EXPR2):xp...

Glab_->...nown.ypart(EXPR0):1+fi0);Gupbb_((EXPR0))
                                                  ;addto.Gcur_.also.image((T...

lseplot->...UFFIX1),false,(EXPR3),(EXPR4),(TEXT5))
                                                  ;endgroup
<to be read again> 
                   ;
l.223   otick.lft(btex $10^{-10}$ etex, "1e-10");
                                                 
The equation I just processed has given some variable
a value of 4096 or more. Continue and I'll try to cope
with that big value; but it might be dangerous.
(Set warningcheck:=0 to suppress this message.)

! Value is too large (-7043.38904).
Glab_->...h(EXPR2);else:save.x,y;z=llcorner.Gcbb_;
                                                  if.unknown.xpart(EXPR2):xp...

Glab_->...nown.ypart(EXPR0):1+fi0);Gupbb_((EXPR0))
                                                  ;addto.Gcur_.also.image((T...

lseplot->...UFFIX1),false,(EXPR3),(EXPR4),(TEXT5))
                                                  ;endgroup
<to be read again> 
                   ;
l.224   otick.lft(btex $10^{-12}$ etex, "1e-12");
                                                 
The equation I just processed has given some variable
a value of 4096 or more. Continue and I'll try to cope
with that big value; but it might be dangerous.
(Set warningcheck:=0 to suppress this message.)

! Value is too large (-7073.5415).
Glab_->...h(EXPR2);else:save.x,y;z=llcorner.Gcbb_;
                                                  if.unknown.xpart(EXPR2):xp...

Glab_->...nown.ypart(EXPR0):1+fi0);Gupbb_((EXPR0))
                                                  ;addto.Gcur_.also.image((T...

lseplot->...UFFIX1),false,(EXPR3),(EXPR4),(TEXT5))
                                                  ;endgroup
<to be read again> 
                   ;
<for("2e-3")> otick.bot(Autoform,(EXPR0));
                                           ENDFOR
lseplot->....x:(SUFFIX2)(Autoform,x)(TEXT4);endfor
                                                  .fi.if.str(SUFFIX3)<>"":fo...
<to be read again> 
                   ;
l.225   autogrid(otick.bot,);
                             
The equation I just processed has given some variable
a value of 4096 or more. Continue and I'll try to cope
with that big value; but it might be dangerous.
(Set warningcheck:=0 to suppress this message.)

! Value is too large (-7073.5415).
Glab_->...h(EXPR2);else:save.x,y;z=llcorner.Gcbb_;
                                                  if.unknown.xpart(EXPR2):xp...

Glab_->...nown.ypart(EXPR0):1+fi0);Gupbb_((EXPR0))
                                                  ;addto.Gcur_.also.image((T...

lseplot->...UFFIX1),false,(EXPR3),(EXPR4),(TEXT5))
                                                  ;endgroup
<to be read again> 
                   ;
<for("5e-3")> otick.bot(Autoform,(EXPR0));
                                           ENDFOR
lseplot->....x:(SUFFIX2)(Autoform,x)(TEXT4);endfor
                                                  .fi.if.str(SUFFIX3)<>"":fo...
<to be read again> 
                   ;
l.225   autogrid(otick.bot,);
                             
The equation I just processed has given some variable
a value of 4096 or more. Continue and I'll try to cope
with that big value; but it might be dangerous.
(Set warningcheck:=0 to suppress this message.)

! Value is too large (-7073.5415).
Glab_->...h(EXPR2);else:save.x,y;z=llcorner.Gcbb_;
                                                  if.unknown.xpart(EXPR2):xp...

Glab_->...nown.ypart(EXPR0):1+fi0);Gupbb_((EXPR0))
                                                  ;addto.Gcur_.also.image((T...

lseplot->...UFFIX1),false,(EXPR3),(EXPR4),(TEXT5))
                                                  ;endgroup
<to be read again> 
                   ;
<for("1e-2")> otick.bot(Autoform,(EXPR0));
                                           ENDFOR
lseplot->....x:(SUFFIX2)(Autoform,x)(TEXT4);endfor
                                                  .fi.if.str(SUFFIX3)<>"":fo...
<to be read again> 
                   ;
l.225   autogrid(otick.bot,);
                             
The equation I just processed has given some variable
a value of 4096 or more. Continue and I'll try to cope
with that big value; but it might be dangerous.
(Set warningcheck:=0 to suppress this message.)

! Value is too large (-7073.5415).
Glab_->...h(EXPR2);else:save.x,y;z=llcorner.Gcbb_;
                                                  if.unknown.xpart(EXPR2):xp...

Glab_->...nown.ypart(EXPR0):1+fi0);Gupbb_((EXPR0))
                                                  ;addto.Gcur_.also.image((T...

lseplot->...UFFIX1),false,(EXPR3),(EXPR4),(TEXT5))
                                                  ;endgroup
<to be read again> 
                   ;
<for("2e-2")> otick.bot(Autoform,(EXPR0));
                                           ENDFOR
lseplot->....x:(SUFFIX2)(Autoform,x)(TEXT4);endfor
                                                  .fi.if.str(SUFFIX3)<>"":fo...
<to be read again> 
                   ;
l.225   autogrid(otick.bot,);
                             
The equation I just processed has given some variable
a value of 4096 or more. Continue and I'll try to cope
with that big value; but it might be dangerous.
(Set warningcheck:=0 to suppress this message.)

! Value is too large (-7073.5415).
Glab_->...h(EXPR2);else:save.x,y;z=llcorner.Gcbb_;
                                                  if.unknown.xpart(EXPR2):xp...

Glab_->...nown.ypart(EXPR0):1+fi0);Gupbb_((EXPR0))
                                                  ;addto.Gcur_.also.image((T...

lseplot->...UFFIX1),false,(EXPR3),(EXPR4),(TEXT5))
                                                  ;endgroup
<to be read again> 
                   ;
<for("5e-2")> otick.bot(Autoform,(EXPR0));
                                           ENDFOR
lseplot->....x:(SUFFIX2)(Autoform,x)(TEXT4);endfor
                                                  .fi.if.str(SUFFIX3)<>"":fo...
<to be read again> 
                   ;
l.225   autogrid(otick.bot,);
                             
The equation I just processed has given some variable
a value of 4096 or more. Continue and I'll try to cope
with that big value; but it might be dangerous.
(Set warningcheck:=0 to suppress this message.)

! Value is too large (-7073.5415).
Glab_->...h(EXPR2);else:save.x,y;z=llcorner.Gcbb_;
                                                  if.unknown.xpart(EXPR2):xp...

Glab_->...nown.ypart(EXPR0):1+fi0);Gupbb_((EXPR0))
                                                  ;addto.Gcur_.also.image((T...

endgraph->...(whatever,whatever),,draw.p_.shifted)
                                                  ;endgroup
<to be read again> 
                   ;
endgraph->....bot,otick.lft);fi.if.Gneedfr_:frame;
                                                  fi.setcoords(linear,linear...
l.229 endgraph
               shifted(plotwidth + 1.5cm, 0);
The equation I just processed has given some variable
a value of 4096 or more. Continue and I'll try to cope
with that big value; but it might be dangerous.
(Set warningcheck:=0 to suppress this message.)

[1{pdftex.map
Warning: fontmap entry for `contnav' already exists, duplicates ignored
}] )
1 output file written: lseplot-1.mps

