This is MetaPost, version 1.504 (kpathsea version 6.0.1)  3 FEB 2013 11:18
**circstatfig.mp ^^M
(mpost.mp (/usr/local/texlive/2011/texmf-dist/metapost/base/plain.mp
Preloading the plain mem file, version 1.004)) (./circstatfig.mp
>> 2.66454e-425.19676
! Undefined y coordinate has been replaced by 0.
<to be read again> 
                   {
--->{
     curl1}..{curl1}
l.55 ...00000000007cm, 2.6645352591003757e-15cm)--
                                                  (0.8800000000000007cm, 0.0...
I need a `known' y value for this part of the path.
The value I found (see above) was no good;
so I'll try to keep going by using zero instead.
(Chapter 27 of The METAFONTbook explains that
you might want to type `I ???' now.)

>> -7.37189e-396.85031
! Undefined y coordinate has been replaced by 0.
<to be read again> 
                   {
--->{
     curl1}..{curl1}
l.55 ...999999999977cm, -7.37188088351104e-14cm)--
                                                  (2.129999999999977cm, 0.01...
I need a `known' y value for this part of the path.
The value I found (see above) was no good;
so I'll try to keep going by using zero instead.
(Chapter 27 of The METAFONTbook explains that
you might want to type `I ???' now.)

>> -1.59872e-368.50386
! Undefined y coordinate has been replaced by 0.
<to be read again> 
                   {
--->{
     curl1}..{curl1}
l.55 ...9999999503cm, -1.5987211554602254e-13cm)--
                                                  (3.37999999999995cm, 0.015...
I need a `known' y value for this part of the path.
The value I found (see above) was no good;
so I'll try to keep going by using zero instead.
(Chapter 27 of The METAFONTbook explains that
you might want to type `I ???' now.)

>> -2.45137e-368.50386
! Undefined y coordinate has been replaced by 0.
<to be read again> 
                   {
--->{
     curl1}..{curl1}
l.55 ...9999999924cm, -2.4513724383723456e-13cm)--
                                                  (4.6299999999999235cm, 0.0...
I need a `known' y value for this part of the path.
The value I found (see above) was no good;
so I'll try to keep going by using zero instead.
(Chapter 27 of The METAFONTbook explains that
you might want to type `I ???' now.)

>> 7.10542e-425.19676
! Undefined y coordinate has been replaced by 0.
<to be read again> 
                   {
--->{
     curl1}..{curl1}
l.57 ...999999999999cm, 7.105427357601002e-15cm)--
                                                  (1.50499999999999cm, -0.00...
I need a `known' y value for this part of the path.
The value I found (see above) was no good;
so I'll try to keep going by using zero instead.
(Chapter 27 of The METAFONTbook explains that
you might want to type `I ???' now.)

>> 1.5308e-481.88966
! Undefined y coordinate has been replaced by 0.
<to be read again> 
                   ..
l.90 ...00000000003cm, 1.5308084989341918e-17cm)..
                                                  (-0.1298358043587823cm, -0...
I need a `known' y value for this part of the path.
The value I found (see above) was no good;
so I'll try to keep going by using zero instead.
(Chapter 27 of The METAFONTbook explains that
you might want to type `I ???' now.)

>> -5.05353e-425.19676
! Undefined y coordinate has been replaced by 0.
<to be read again> 
                   ..
l.90 ...0000000006cm, -5.0535249883926005e-15cm)..
                                                  (-0.7540464022375435cm, -0...
I need a `known' y value for this part of the path.
The value I found (see above) was no good;
so I'll try to keep going by using zero instead.
(Chapter 27 of The METAFONTbook explains that
you might want to type `I ???' now.)

>> 1.03427e-368.50386
! Undefined y coordinate has been replaced by 0.
<to be read again> 
                   ..
l.90 ...99999999927cm, 1.0342655214977772e-13cm)..
                                                  (-1.3782570001163021cm, -0...
I need a `known' y value for this part of the path.
The value I found (see above) was no good;
so I'll try to keep going by using zero instead.
(Chapter 27 of The METAFONTbook explains that
you might want to type `I ???' now.)

>> 4.13829e-368.50386
! Undefined y coordinate has been replaced by 0.
<to be read again> 
                   ..
l.90 ...999999999793cm, 4.138292922596601e-13cm)..
                                                  (-2.0024675979950652cm, -0...
I need a `known' y value for this part of the path.
The value I found (see above) was no good;
so I'll try to keep going by using zero instead.
(Chapter 27 of The METAFONTbook explains that
you might want to type `I ???' now.)

>> -1.22542e-453.54321
! Undefined x coordinate has been replaced by 0.
<to be read again> 
                   ..
l.92 ...5249430888e-16cm, 0.12500000000000003cm)..
                                                  (0.0016335851848360721cm, ...
I need a `known' x value for this part of the path.
The value I found (see above) was no good;
so I'll try to keep going by using zero instead.
(Chapter 27 of The METAFONTbook explains that
you might want to type `I ???' now.)

>> -3.21562e-425.19676
! Undefined y coordinate has been replaced by 0.
<to be read again> 
                   ..
l.92 ...00000000006cm, -3.215626318716687e-15cm)..
                                                  (0.7549403883738818cm, -0....
I need a `known' y value for this part of the path.
The value I found (see above) was no good;
so I'll try to keep going by using zero instead.
(Chapter 27 of The METAFONTbook explains that
you might want to type `I ???' now.)

>> 2.10562e-396.85031
! Undefined x coordinate has been replaced by 0.
<to be read again> 
                   ..
l.92 ...6745722803e-14cm, -1.3749999999999927cm)..
                                                  (-0.017341135039004293cm, ...
I need a `known' x value for this part of the path.
The value I found (see above) was no good;
so I'll try to keep going by using zero instead.
(Chapter 27 of The METAFONTbook explains that
you might want to type `I ???' now.)

>> -9.82513e-396.85031
! Undefined y coordinate has been replaced by 0.
<to be read again> 
                   ..
l.92 ...99999999793cm, -9.825133620726566e-14cm)..
                                                  (-2.004841693628632cm, 0.0...
I need a `known' y value for this part of the path.
The value I found (see above) was no good;
so I'll try to keep going by using zero instead.
(Chapter 27 of The METAFONTbook explains that
you might want to type `I ???' now.)

>> (-56.6929,1.71451e-425.19676,1,0,0,1)
! Transform components aren't all known.
<to be read again> 
                   ;
l.102 ...ifted (-2.0cm, 1.7145055188062944e-15cm);
                                                  
I'm unable to apply a partially specified transformation
except to a fully known pair or transform.
Proceed, and I'll omit the transformation.

>> (-56.6929,1.22464e-425.19676,1,0,0,1)
! Transform components aren't all known.
<to be read again> 
                   ;
l.114 ...ifted (-2.0cm, 1.2246467991473533e-15cm);
                                                  
I'm unable to apply a partially specified transformation
except to a fully known pair or transform.
Proceed, and I'll omit the transformation.

[1{pdftex.map
Warning: fontmap entry for `contnav' already exists, duplicates ignored
}] )
1 output file written: circstatfig-1.mps

