This is MetaPost, version 1.504 (kpathsea version 6.0.1)  3 FEB 2013 11:18
**circstatfigquad.mp ^^M
(mpost.mp (/usr/local/texlive/2011/texmf-dist/metapost/base/plain.mp
Preloading the plain mem file, version 1.004)) (./circstatfigquad.mp
>> 6.21725e-396.85031
! Undefined y coordinate has been replaced by 0.
<to be read again> 
                   {
--->{
     curl1}..{curl1}
l.18 ...999999999938cm, 6.217248937900877e-14cm)--
                                                  (5.009999999999938cm, -0.0...
I need a `known' y value for this part of the path.
The value I found (see above) was no good;
so I'll try to keep going by using zero instead.
(Chapter 27 of The METAFONTbook explains that
you might want to type `I ???' now.)

>> -8.3844e-368.50386
! Undefined y coordinate has been replaced by 0.
<to be read again> 
                   {
--->{
     curl1}..{curl1}
l.55 ...99999999916cm, -8.384404281969182e-13cm)--
                                                  (5.0049999999999155cm, 0.0...
I need a `known' y value for this part of the path.
The value I found (see above) was no good;
so I'll try to keep going by using zero instead.
(Chapter 27 of The METAFONTbook explains that
you might want to type `I ???' now.)

>> 3.35732e-368.50386
! Undefined y coordinate has been replaced by 0.
<to be read again> 
                   {
--->{
     curl1}..{curl1}
l.57 ...99999999916cm, 3.3573144264664734e-13cm)--
                                                  (5.0049999999999155cm, -0....
I need a `known' y value for this part of the path.
The value I found (see above) was no good;
so I'll try to keep going by using zero instead.
(Chapter 27 of The METAFONTbook explains that
you might want to type `I ???' now.)

>> 1.84238e-425.19676
! Undefined x coordinate has been replaced by 0.
<to be read again> 
                   ..
l.90 ...26274892353e-15cm, 0.6250000000000004cm)..
                                                  (0.019630519455555405cm, 0...
I need a `known' x value for this part of the path.
The value I found (see above) was no good;
so I'll try to keep going by using zero instead.
(Chapter 27 of The METAFONTbook explains that
you might want to type `I ???' now.)

>> 3.14403e-396.85031
! Undefined x coordinate has been replaced by 0.
<to be read again> 
                   ..
l.90 ...40870607265e-14cm, 1.2499999999999953cm)..
                                                  (-0.039735761658403694cm, ...
I need a `known' x value for this part of the path.
The value I found (see above) was no good;
so I'll try to keep going by using zero instead.
(Chapter 27 of The METAFONTbook explains that
you might want to type `I ???' now.)

>> 6.26854e-368.50386
! Undefined y coordinate has been replaced by 0.
<to be read again> 
                   ..
l.90 ...999999999982cm, 6.268546497131027e-13cm)..
                                                  (-1.8716119685844133cm, -0...
I need a `known' y value for this part of the path.
The value I found (see above) was no good;
so I'll try to keep going by using zero instead.
(Chapter 27 of The METAFONTbook explains that
you might want to type `I ???' now.)

>> -2.44495e-340.15741
! Undefined y coordinate has been replaced by 0.
<to be read again> 
                   ..
l.90 ...9999999969cm, -2.4449399477736085e-12cm)..
                                                  (2.474060727796921cm, 0.39...
I need a `known' y value for this part of the path.
The value I found (see above) was no good;
so I'll try to keep going by using zero instead.
(Chapter 27 of The METAFONTbook explains that
you might want to type `I ???' now.)

>> 3.14159e-198.42516
! Undefined y coordinate has been replaced by 0.
<to be read again> 
                   ..
l.92 ...999990130396cm, 3.141592651540694e-07cm)..
                                                  (-0.009999999684172662cm, ...
I need a `known' y value for this part of the path.
The value I found (see above) was no good;
so I'll try to keep going by using zero instead.
(Chapter 27 of The METAFONTbook explains that
you might want to type `I ???' now.)

>> 2.51328e-170.0787
! Undefined y coordinate has been replaced by 0.
<to be read again> 
                   ..
l.92 ...99684172662cm, 2.5132740964091645e-06cm)..
                                                  (-0.014999997601686193cm, ...
I need a `known' y value for this part of the path.
The value I found (see above) was no good;
so I'll try to keep going by using zero instead.
(Chapter 27 of The METAFONTbook explains that
you might want to type `I ???' now.)

>> 8.4823e-170.0787
! Undefined y coordinate has been replaced by 0.
<to be read again> 
                   ..
l.92 ...997601686193cm, 8.482299712649309e-06cm)..
                                                  (-0.019999989893525943cm, ...
I need a `known' y value for this part of the path.
The value I found (see above) was no good;
so I'll try to keep going by using zero instead.
(Chapter 27 of The METAFONTbook explains that
you might want to type `I ???' now.)

>> 2.01062e-141.73225
! Undefined y coordinate has been replaced by 0.
<to be read again> 
                   ..
l.92 ...89893525943cm, 2.0106189596300594e-05cm)..
                                                  (-0.02499996915749259cm, 3...
I need a `known' y value for this part of the path.
The value I found (see above) was no good;
so I'll try to keep going by using zero instead.
(Chapter 27 of The METAFONTbook explains that
you might want to type `I ???' now.)

>> 3.92699e-141.73225
! Undefined y coordinate has been replaced by 0.
<to be read again> 
                   ..
l.92 ...996915749259cm, 3.926989202076263e-05cm)..
                                                  (-0.029999923253988904cm, ...
I need a `known' y value for this part of the path.
The value I found (see above) was no good;
so I'll try to keep going by using zero instead.
(Chapter 27 of The METAFONTbook explains that
you might want to type `I ???' now.)

>> 6.78583e-141.73225
! Undefined y coordinate has been replaced by 0.
<to be read again> 
                   ..
l.92 ...923253988904cm, 6.785834345246585e-05cm)..
                                                  (-0.03499983412168986cm, 0...
I need a `known' y value for this part of the path.
The value I found (see above) was no good;
so I'll try to keep going by using zero instead.
(Chapter 27 of The METAFONTbook explains that
you might want to type `I ???' now.)

>> 9.76604e-368.50386
! Undefined y coordinate has been replaced by 0.
<to be read again> 
                   ..
l.92 ...999999999969cm, 9.766031794424047e-13cm)..
                                                  (2.5000470669399757cm, -0....
I need a `known' y value for this part of the path.
The value I found (see above) was no good;
so I'll try to keep going by using zero instead.
(Chapter 27 of The METAFONTbook explains that
you might want to type `I ???' now.)

>> (70.86613,-2.4493e-425.19676,1,0,0,1)
! Transform components aren't all known.
<to be read again> 
                   ;
l.104 ...ifted (2.5cm, -2.4492935982947065e-15cm);
                                                  
I'm unable to apply a partially specified transformation
except to a fully known pair or transform.
Proceed, and I'll omit the transformation.

[1{pdftex.map
Warning: fontmap entry for `contnav' already exists, duplicates ignored
}] )
1 output file written: circstatfigquad-1.mps

